node:internal/modules/cjs/loader:1215
  throw err;
  ^

Error: Cannot find module 'express'
Require stack:
- /var/www/strategy.uprootiny.dev/server.js
    at Module._resolveFilename (node:internal/modules/cjs/loader:1212:15)
    at Module._load (node:internal/modules/cjs/loader:1043:27)
    at Module.require (node:internal/modules/cjs/loader:1298:19)
    at require (node:internal/modules/helpers:182:18)
    at Object.<anonymous> (/var/www/strategy.uprootiny.dev/server.js:8:17)
    at Module._compile (node:internal/modules/cjs/loader:1529:14)
    at Module._extensions..js (node:internal/modules/cjs/loader:1613:10)
    at Module.load (node:internal/modules/cjs/loader:1275:32)
    at Module._load (node:internal/modules/cjs/loader:1096:12)
    at Function.executeUserEntryPoint [as runMain] (node:internal/modules/run_main:164:12) {
  code: 'MODULE_NOT_FOUND',
  requireStack: [ '/var/www/strategy.uprootiny.dev/server.js' ]
}

Node.js v20.19.2
